2024-12-22 14:43:56,220 - numexpr.utils - INFO - NumExpr defaulting to 8 threads.
2024-12-22 14:45:56,933 - numexpr.utils - INFO - NumExpr defaulting to 8 threads.
2024-12-22 14:48:39,332 - numexpr.utils - INFO - NumExpr defaulting to 8 threads.
2024-12-22 14:48:49,330 - numexpr.utils - INFO - NumExpr defaulting to 8 threads.
2024-12-22 14:53:07,779 - numexpr.utils - INFO - NumExpr defaulting to 8 threads.
2024-12-22 14:54:19,184 - numexpr.utils - INFO - NumExpr defaulting to 8 threads.
2024-12-22 14:55:20,728 - numexpr.utils - INFO - NumExpr defaulting to 8 threads.
2024-12-22 14:56:07,949 - numexpr.utils - INFO - NumExpr defaulting to 8 threads.
2024-12-22 14:59:01,820 - numexpr.utils - INFO - NumExpr defaulting to 8 threads.
2024-12-22 15:00:43,110 - numexpr.utils - INFO - NumExpr defaulting to 8 threads.
2024-12-22 15:01:27,471 - numexpr.utils - INFO - NumExpr defaulting to 8 threads.
2024-12-22 15:03:39,156 - numexpr.utils - INFO - NumExpr defaulting to 8 threads.
2024-12-22 15:04:15,734 - numexpr.utils - INFO - NumExpr defaulting to 8 threads.
2024-12-22 15:05:14,523 - numexpr.utils - INFO - NumExpr defaulting to 8 threads.
2024-12-22 15:08:09,005 - numexpr.utils - INFO - NumExpr defaulting to 8 threads.
2024-12-23 12:47:45,514 - numexpr.utils - INFO - NumExpr defaulting to 8 threads.
2024-12-23 12:48:20,179 - numexpr.utils - INFO - NumExpr defaulting to 8 threads.
2024-12-23 12:59:36,745 - numexpr.utils - INFO - NumExpr defaulting to 8 threads.
2024-12-23 13:01:58,640 - numexpr.utils - INFO - NumExpr defaulting to 8 threads.
2024-12-23 13:04:30,997 - numexpr.utils - INFO - NumExpr defaulting to 8 threads.
2024-12-23 13:08:19,386 - numexpr.utils - INFO - NumExpr defaulting to 8 threads.
2024-12-23 13:09:36,600 - numexpr.utils - INFO - NumExpr defaulting to 8 threads.
2024-12-23 13:13:29,465 - numexpr.utils - INFO - NumExpr defaulting to 8 threads.
2024-12-23 13:13:31,847 - pyswarms.single.global_best - INFO - Optimize for 10 iters with {'c1': 0.8, 'c2': 1.6, 'w': 0.3}
2024-12-23 13:13:32,148 - pyswarms.single.global_best - INFO - Optimization finished | best cost: 11.98857710789899, best pos: [ 0.32644621  0.64937074  0.20409941  0.08323014  0.71856483  0.04644064
  0.59287177  0.39012979  0.74311996  0.7511793   0.7483256   0.47165631
  0.74176087  0.57307018  0.59078405  1.09438627  0.70586348  0.89047841
  1.06272696  1.28392393  0.70111433  0.82717207  0.46919943  0.74817199
  0.01666894  0.21718198 -0.38314882  1.25161713 -0.25673719  0.43299527
  0.21295314  0.89784219  0.7737481   0.79420573 -0.19624697  1.35152336
  0.81266565  0.34187112  0.08385964  0.42705378  1.43449561  0.35148984
  0.59825942  0.90611318  0.27655284 -0.03926575  1.2593633   0.60475504
  0.19742147  1.23639119  1.12322451  0.74282164  0.38976131  0.67266382
  0.61370224  0.65297926  1.01163546  0.73609777  0.89862287  0.5914803
  1.15904352  0.76990987  0.40198458  0.72794885  0.4349182   1.83806615
  0.41431199  1.22502433 -0.0057413   0.97823606  0.86002431  0.06245738
  0.59229792  0.51420256  0.03088208  1.06415033  0.90630036  0.73822033
  0.05510218  0.38544417  0.40290985  0.53936298  0.3450362   0.36970179
  0.9281698   0.45305254  0.6598331  -0.02621162  0.50762878  0.58994785
  1.35096617  0.52350974  0.64853755  0.73455536  0.82199237  0.54865633
  0.64008151  1.02766538  0.13351056  1.04596338  1.45879373  0.74280035
  1.54879504  0.85029182  1.15177556 -0.18016699  0.90181268  1.13318366
  0.57471114  0.55174055  0.28726626  0.43190626  0.33992002  0.67187952
  0.08825798  0.33757513  1.19923251  1.27689129 -0.35370685  0.70576362
  0.885227    1.43379872  0.38970337  0.05919642 -0.05145049  0.90778541
  0.27448597  0.72509232 -0.14648209  0.48234751  0.63418071  0.45439939
  0.27786555  1.22816323  0.336903    0.60263456  0.78052323  0.30658042
  1.18064941  0.60405461  0.16175175  0.44143164  0.68391697  0.20064631
  0.21471573  0.25766196  0.86566786  0.61719542  0.53197585  0.81590991
  0.59472193  0.68335461  0.65685203  0.95982116  0.30671363  0.88960055
  1.34653746  0.73647401  0.77996278  0.22782665  1.17505601 -0.71023413
  0.451309    1.08031111  0.73076871  1.00474381 -0.25368939  1.22092237
  0.94135144  0.83428366  0.46993895  0.74226836 -0.72018811  0.53574869
  0.44375679  0.72142466  0.82700743  0.19091203  1.34358671  0.5863983
  1.19829285  0.72477178  0.73335852  0.65499501  1.02965172  0.58224767
 -0.06928143  1.13154891  0.64212153  0.06516911  0.72907233  0.44119385
  0.34595164  0.65695165  1.23542242  0.95611115  0.38478551  1.26241923
  0.7829654   0.66066895  0.46682876  0.96382382 -0.24029442  0.24291627
  0.41589209  0.13009299  0.80161134  0.45771588  0.61761143  0.66463946
  0.65346774 -0.08684537  1.35671313  0.59704464  0.67421165  0.54847029
  0.84229695  1.12148421  0.86039467  0.51437243  0.63220906  0.6118802
  2.07472187  1.11934275  0.60840266  0.4780302   0.75352329  0.6721315
  0.55141124  1.31573963  1.17339941  0.19977087  0.53849523  0.35165206
  0.66394662  0.72066939  0.63031099  0.86057932  0.910194    0.6403288
  0.53489868  1.22172772  0.55963275  1.68115326  0.764421    0.25222302
  1.09050464  0.33548831  0.55733687  1.0652516   0.59766174  1.08139114
  0.74234412  0.70073874  0.80474009  1.27088313  0.15129718  0.55899913
  0.50589835  0.38645472  0.73731255  0.72915479  0.80136993  0.92881388
  0.22342836  0.43679983  0.29258594  0.36937092 -0.18671102  0.70293023
  0.60556227  0.91661274  1.19434808 -0.27052138  0.86545446  1.32587547
  1.22430763  0.41511207  0.63782222  0.87973658]
2024-12-23 13:14:30,958 - numexpr.utils - INFO - NumExpr defaulting to 8 threads.
2024-12-23 13:14:33,473 - pyswarms.single.global_best - INFO - Optimize for 10 iters with {'c1': 0.8, 'c2': 1.6, 'w': 0.3}
2024-12-23 13:14:33,772 - pyswarms.single.global_best - INFO - Optimization finished | best cost: 2.2835018844557964, best pos: [ 0.88869514  0.56881631  0.58911891  0.62044811  0.67400462  0.13945113
  0.94878485  0.5949176   0.05183046  0.60755181  0.42164356  0.57881731
  1.15520194  0.21169363  0.10135066  0.47070085  0.03538687  0.25656488
  0.88144604  0.69520025  0.53916756  0.72903817  0.70348727  0.35596362
 -0.03801796  0.84728898  0.27430385  0.06887374  0.63930919  0.27028468
  0.46548156  0.53586113  0.29777112  0.37559135  0.06608328 -0.05663426
  0.34454279  0.35822708  0.57757165  1.03375896  0.89078627  0.49516318
  0.71149558  0.37197741  0.48818577  0.09246299  0.71177341  0.4319502
  0.34114608  0.83891564 -0.08097308  0.74184717  0.52907294  0.67383847
  0.26328211  0.64658816  0.57903554  0.99638777  0.55056127  0.73945772
  1.04524212  0.4630513   0.15549818  0.91901989  0.96525433  0.89593068
  0.7741967   0.6494217   0.13829053  0.13153568  0.53876965  0.49471061
  0.49428142  0.82095706  0.32482684  0.42145149  0.13687329  1.25145569
  0.92866289  0.8295683   0.31876758  0.3956152   0.84813881  1.00232843
  0.73795257  0.41282562  0.26860119  0.65913836  0.43472438  0.31270222
  0.26945196  0.48647455  0.26999013  0.98869655  0.93281793  0.56458783
  0.83476213  0.79058638  0.92947955  0.49327763  0.68726975  0.76566245
  0.31863919  0.49807822  0.83861643  0.16674976  0.03532332  0.57281026
  0.9901904   0.87774981  0.61019184  0.23962963  0.16245869  0.73776101
  0.83368424  0.81361837  0.48321773  0.29603828  0.9917665   0.88066437
  0.57990942  0.47199107  0.92378353  0.66644023  0.27750237  0.18882662
  0.12110758  0.40345491  0.99992407  0.67282282  0.19040353  0.57298807
  0.63947799  0.86319784  0.40211956  0.68730898  0.23152827  0.11276754
  0.70295158 -0.04493131  0.38452863  0.40987906  0.39712417  0.27449435
  0.58854807  0.09781087  0.42588009  0.3850186   0.87756912  0.76231199
  0.33048631  0.2222509   0.73115664  0.51531955  0.79411291  0.5718904
  0.4994235   0.83607483  0.45565918  0.5105865   0.38537601  0.28683563
  1.03078202  0.33978415  0.62981796  0.63896244  0.73914893  0.61215581
  0.09362279  0.24942077  0.17873825  0.22657979  0.79493933  0.35817694
  0.36172514  0.09822116  0.96711595  0.55739502  0.84409513  0.77617601
  0.53226106  0.7957416   0.74777419  1.20166667  0.39070222  0.72927491
  0.91465471  0.91070151  0.7815269   0.70826327  0.81782997  1.06945673
  0.83088827  0.97634962  0.58075219  0.74061854  0.22210534  0.32004652
  0.66053062  1.03030022  0.60459349  0.69735209  0.18338951  0.22153062
  0.65920817  0.47341699  0.86045097  0.30868804  0.67979708 -0.10236434
  0.28577041  0.85644336  0.63559902  0.40260897  0.70234851  1.07249672
  0.38924886  0.90424291  0.99960977  0.76687802  1.0634727   0.29288416
  0.18702992  0.52028447  0.1376624   0.65349673  0.88719363  0.84109312
  0.90944722  0.63956384  0.37864309  0.29785579  1.1350391   0.78329477
  0.71053613  0.46582322  0.28328611  0.30814143  0.5343071   0.35453592
  0.79746278  0.33632785  0.83988125  1.19694762  0.73887041  0.85471945
  0.58059252  0.97031591  0.66439418  0.78798153  0.1411196   0.85596574
  0.45514474  0.04574469  0.35652298  0.62631849  0.12311119  0.64623648
  0.18921777  0.04336961  0.41130129  0.55909161  0.31029663  0.43258733
  0.68619359  0.382672    0.82838855  0.08679177  0.12606918  0.78670975
  0.86886462  0.80652394  0.36855748  0.92508374  0.69240379  0.92372439
  0.92888228  0.32931539  0.80250628  0.7601022 ]
2024-12-23 13:14:45,428 - numexpr.utils - INFO - NumExpr defaulting to 8 threads.
2024-12-23 13:14:47,866 - pyswarms.single.global_best - INFO - Optimize for 10 iters with {'c1': 0.8, 'c2': 1.6, 'w': 0.3}
2024-12-23 13:14:48,167 - pyswarms.single.global_best - INFO - Optimization finished | best cost: 1.0, best pos: [0.0478648  0.23180173 0.19395621 0.44534892 0.46496312 0.09205273
 0.52992219 0.9745061  0.76342268 0.77247514 0.54564288 0.47520087
 0.86666411 0.60360258 0.20587366 0.07970634 0.43546407 0.07958532
 0.90095653 0.45547156 0.71234399 0.57080179 0.51099693 0.82034206
 0.32501708 0.06522661 0.81132505 0.69206669 0.02190151 0.98742408
 0.41650952 0.74986808 0.93413896 0.41222936 0.02267562 0.32744498
 0.84047622 0.00651746 0.91905094 0.86924829 0.23262055 0.0679034
 0.25099672 0.09583089 0.02923389 0.60304759 0.09667356 0.75698666
 0.01477945 0.43898731 0.7090689  0.46127253 0.32143253 0.85674439
 0.49848472 0.34866474 0.95180847 0.45224902 0.39341434 0.5530756
 0.95110479 0.87312015 0.5018401  0.18057989 0.98966812 0.11110858
 0.11283802 0.93119533 0.58845    0.0949976  0.83049839 0.40904112
 0.95169041 0.20234613 0.21065832 0.84147399 0.45095034 0.24565769
 0.71856878 0.11191212 0.90434162 0.80096902 0.97277604 0.28327961
 0.67254734 0.60149909 0.61878422 0.94305681 0.89671341 0.87863291
 0.38913585 0.88662886 0.85453268 0.93082336 0.80980118 0.00352129
 0.93181783 0.61131222 0.30886588 0.63753084 0.76105138 0.69183785
 0.54200906 0.89363305 0.347138   0.64653196 0.12674    0.71697725
 0.58714641 0.21899039 0.2576908  0.30730441 0.33278787 0.44460752
 0.96425532 0.54767007 0.86884796 0.57243481 0.71372187 0.09681592
 0.23198819 0.04651283 0.09248071 0.0643107  0.52200228 0.14019767
 0.13777533 0.03463177 0.38341364 0.86935619 0.7500229  0.98483365
 0.70019159 0.18532241 0.1108491  0.17326429 0.86765749 0.48933316
 0.87250731 0.35237267 0.06149245 0.49381494 0.61092201 0.66493428
 0.23244944 0.20450701 0.01813856 0.05550776 0.93657898 0.81898136
 0.43625322 0.48869777 0.34031252 0.09541461 0.68568269 0.38952764
 0.29223193 0.80952924 0.62786347 0.19165228 0.05043238 0.73269868
 0.45353316 0.37546845 0.32226513 0.89006636 0.0278939  0.70393956
 0.08883686 0.03103254 0.89343019 0.23172051 0.35571866 0.28124927
 0.84885811 0.10680681 0.75870201 0.92490074 0.32736104 0.46135523
 0.05824888 0.96103148 0.8556871  0.54450591 0.68598171 0.59135148
 0.99788985 0.53851341 0.37024562 0.46681785 0.30351662 0.03596081
 0.6764415  0.2744912  0.04552738 0.1050484  0.16424159 0.29228963
 0.6380518  0.15651207 0.45286819 0.02698308 0.48884634 0.93840379
 0.75843252 0.04966961 0.08203983 0.9938548  0.06653616 0.52128825
 0.3014691  0.02674969 0.58284967 0.57355529 0.88022881 0.21453462
 0.05671955 0.02705646 0.38329707 0.28689468 0.90409173 0.53798179
 0.54937345 0.79778327 0.52356822 0.54143518 0.27661676 0.11210645
 0.4365561  0.86329304 0.09997227 0.72307762 0.72290867 0.41307576
 0.59628262 0.78973805 0.52269204 0.58107899 0.96913481 0.55591329
 0.71068805 0.70827444 0.5666697  0.55747467 0.42313898 0.009605
 0.68966113 0.5629253  0.84198402 0.08102881 0.70507042 0.31174683
 0.17044331 0.12575472 0.48701801 0.80079565 0.87493376 0.59698792
 0.62698206 0.98823178 0.50777594 0.24474758 0.37480309 0.36791569
 0.9330731  0.30942902 0.34104804 0.80775847 0.88558868 0.91848488
 0.22735565 0.53724734 0.01826964 0.59278632 0.44039109 0.3043209
 0.93258667 0.68143139 0.94815165 0.36045284]
2024-12-23 13:19:23,824 - numexpr.utils - INFO - NumExpr defaulting to 8 threads.
2024-12-23 13:20:33,661 - numexpr.utils - INFO - NumExpr defaulting to 8 threads.
2024-12-23 13:22:16,107 - numexpr.utils - INFO - NumExpr defaulting to 8 threads.
2024-12-23 13:24:09,478 - numexpr.utils - INFO - NumExpr defaulting to 8 threads.
2024-12-23 13:27:38,414 - numexpr.utils - INFO - NumExpr defaulting to 8 threads.
2024-12-23 13:27:41,160 - pyswarms.single.global_best - INFO - Optimize for 1000 iters with {'c1': 0.8, 'c2': 1.6, 'w': 0.3}
2024-12-23 13:32:06,078 - pyswarms.single.global_best - INFO - Optimization finished | best cost: 2.2400296922872087, best pos: [ 1.31870492  0.3692322   0.2417421   0.37126782  1.61525261  0.85817336
  0.31369692  0.24884649  1.59825611  0.9120261   0.08983807  0.70002711
  0.44970965  0.91296716 -0.01334237  0.50650993  0.48969957  0.61410762
  0.45136533  0.22021787  1.12337192  1.30223484  0.6051598   1.21818022
  0.46191491  1.18052719  1.18996563  1.21466521  0.69921042  0.49373935
  0.57984578 -0.33348955  0.4504464  -0.03470021  0.41118166 -0.38428547
  0.72506477  0.95430154  0.95643865  0.90709957  0.1330767   0.98021313
  0.23091775  0.49171042  0.34304976  1.35488376  0.27509416  0.53020168
  0.73495602  0.54957378  0.93804224  0.75315587  0.66445013  0.57731579
  0.19043777  1.19914589  1.7185419   0.56144027  1.12911268  0.48197981
  0.83424649  0.60361346  0.1812378   0.222229    0.80844963  1.2449286
  0.70597632  0.67363542  1.21029128  0.16300555  0.72424209  0.6040076
  0.56169602  0.5220121   1.04981774  0.31136045  0.62634257  0.81730178
  1.05677475  0.58754685  1.19706019  0.75358907  0.83259426  0.2510618
  0.27556111 -0.00993563  0.52801157  0.65463124  1.16490003  0.70616107
  0.71963616  0.33768258  0.86692486  0.61560178  1.55837428  1.22063924
  0.22278686  0.97385308  0.55313775  1.81784314  1.14511784  0.52155126
  0.37929919  0.51017541  0.2250768  -0.81052323  1.01451059  0.87402007
  1.08950348  0.69304052  1.3028586   1.18953779  1.01691287  0.41712986
 -0.04167495  0.14124395  0.19977661  1.34794361  0.90298749  1.8634764
  1.02914528  0.45500687  0.94804718  0.49988851  0.67055744  0.57840079
  0.46248872  0.32802677  0.29681611  0.62925571  0.77969744  0.57443983
  1.38507284  0.78333291  1.05545037  0.67448551  0.86359816  0.97750007
  1.21502972  0.83268441  0.88413015  1.47693172  0.68774246  0.63171332
  0.74722136  0.31130237  1.10292702  0.62606895 -0.23114454  0.53417478
  1.57879775  0.62102364  0.95191043  1.11287561  1.22630846  0.67834157
  0.51011086  0.57788982  0.84434284  1.14126459  1.21528126  0.71397759
  1.25512196  0.67110527  0.21659674  1.08601148  0.69199964  0.97073966
  0.0536666   1.30500177  0.79726261  0.63582981  0.56229911  0.24231785
  0.70379127  0.99954697  0.7114943   0.10976682  0.90500873  0.79422528
  0.38465967 -0.02135711  0.55694722  1.03938183  0.24143758  0.35844532
  0.01665475  0.87789658  1.63705094  0.75926173  0.55846821  0.8105633
  0.97608135  2.08766937  1.40305504  0.82971495  0.48700665  0.17181388
 -0.04634661  0.42003108  0.832564    1.19820947  0.175011    1.03341709
  1.47655426  0.56733543  0.95721147  1.11281346  1.0405663   1.11498457
  1.34553252  1.14807803  1.09482913  0.71374414  0.6871364   1.76625133
  0.8844077   1.14786274  0.58253407  0.30668326  0.99316831  0.75130418
  1.07339025  0.31937625  0.38911503  0.75850219  1.2318576   0.36556792
  0.41280947  0.45856364  0.71196385  1.00387466  0.78982605  0.03145457
  0.22108958  0.87873984  1.2493188   1.06380398  0.40835662  0.59737656
  0.49969448  0.5192304   0.96538929  0.4485101   0.52099791  0.14002381
  0.3037657  -0.17372677  0.31019502  1.05041388  0.66299791  1.16490449
  0.14007712  0.20711082  0.71525729  0.69529431  0.22659174  0.87848412
  0.50079445  0.69079112  1.13263834  0.26560029  0.71183188  0.83086036
  0.16284151  0.39078228  0.9421544   0.49883722  1.16993807  0.01305456
  0.51407716  0.56297988  0.97119405  0.6375012   0.99634186  0.85752457
  0.76881449  0.68597292  1.20391595  1.55300913]
2024-12-23 13:35:56,926 - numexpr.utils - INFO - NumExpr defaulting to 8 threads.
2024-12-23 13:35:59,760 - pyswarms.single.global_best - INFO - Optimize for 10 iters with {'c1': 0.5, 'c2': 0.3, 'w': 0.9}
2024-12-23 13:36:02,302 - pyswarms.single.global_best - INFO - Optimization finished | best cost: 2.262022971623548, best pos: [ 4.90788888e-01 -9.60839742e-02 -7.21940207e-02  9.79180359e-02
  7.11470587e-02 -2.52440544e-01  6.46744654e-01  8.44334335e-02
 -4.12794609e-01 -6.94260860e-01 -2.09990813e-01  1.95593300e-01
 -8.86543228e-01  8.93823595e-01  2.61941699e-01 -4.97501904e-01
  4.45417597e-01 -1.07409715e-01 -1.34462031e-01 -5.55979719e-01
  1.10524852e-01  1.05749158e+00 -2.07883945e-01  2.53707706e-01
 -7.30922144e-01 -2.95926002e-01  6.05409467e-01 -4.01426472e-01
 -4.88658142e-01  5.45513086e-01  5.78868620e-01 -5.63029901e-01
 -7.45325239e-02  6.24290494e-01  6.18426012e-01 -1.13108593e+00
  8.66640043e-03 -5.00271613e-01 -6.49010642e-02 -1.17774681e-01
 -1.67536462e+00 -3.61317118e-01 -4.10281701e-01 -5.80767572e-01
  2.70206775e-01 -1.75607878e+00  4.13011509e-01 -3.18556099e-01
  2.14225574e-01  6.40304683e-01  7.05012868e-02 -3.48666661e-01
 -3.64057303e-02  4.68140927e-02 -5.22036353e-01 -3.32993002e-01
 -6.06768596e-01  6.51416623e-01  1.72995400e-02  2.05241751e-01
 -2.16887001e-01  2.08135862e-01 -4.45065537e-01  1.81267339e-01
  7.21807921e-01 -1.79442388e-01 -2.54270981e-01 -5.02933506e-01
 -2.73327827e-01 -3.02864882e-01 -9.88266378e-01 -1.11677951e-01
 -1.72035484e-01  6.52750024e-01  5.93493611e-01  3.05846313e-01
 -1.36492708e+00 -5.09904735e-01 -7.40910078e-01  1.19237435e-01
  1.95266053e-01  8.01887422e-03  2.61040806e-01  6.70023910e-01
  6.68739832e-02  1.14446242e-01 -5.66094433e-01  2.12671533e-02
 -1.03919611e+00 -6.35973297e-01 -7.72207711e-01 -6.64155807e-01
 -1.34904524e-01 -1.07605150e-01 -5.80174947e-01 -1.04906086e-01
 -9.04925819e-01  1.50386565e-01 -4.59256672e-01 -2.42125765e-01
  1.66544339e-01  5.46075445e-02 -8.48883731e-01 -2.76732662e-01
 -6.68520425e-02  3.78069773e-01 -1.86064286e-02  5.28647745e-01
 -3.41362708e-01 -4.63098340e-02 -1.75692823e-01 -6.42378854e-01
 -7.18185630e-01 -5.54334036e-01 -4.94346046e-01 -6.91373939e-01
 -3.40635889e-01 -3.24479540e-01 -1.40326696e+00  5.42382977e-02
 -7.36341030e-01 -4.15601612e-01 -6.17294801e-01 -7.30416092e-01
 -1.08170678e-01 -3.88956372e-02 -3.08827995e-01 -3.49131502e-01
 -2.30275566e-01  1.79361282e-01 -1.04811750e+00  6.93784346e-02
  8.50973971e-02  7.15339755e-01  1.87261622e-01 -2.47334770e-01
  4.19881495e-01  3.28480082e-02 -2.76625219e-01 -1.19626263e+00
  3.39883015e-01 -3.82629547e-02  1.06078833e-01 -2.39881153e-01
 -8.91463029e-02 -2.95504094e-01 -1.52960085e+00  1.69657914e-02
 -4.95975547e-01  7.59689563e-02 -2.93918398e-02  7.85092861e-01
  2.47778188e-01  6.09702164e-01 -5.55007199e-01  6.96045348e-01
 -9.02998548e-01  8.50757777e-01  4.01103466e-02  6.61787283e-03
  2.08728386e-01  3.37004957e-01  3.12625266e-01 -1.10148456e+00
  8.51664647e-02 -3.40341623e-01 -1.08384069e+00  5.26828253e-01
  1.41436265e-02 -1.50220253e+00 -9.61724390e-01 -1.88964016e-01
 -7.15151429e-01 -3.15312194e-01  4.28911013e-01 -7.24329472e-01
  4.19527716e-01 -5.75699063e-01 -1.70195721e+00 -1.42799471e-01
  8.68728834e-01 -8.14874511e-01 -8.25344451e-01 -6.96234068e-01
  5.17741193e-01 -9.03820088e-01  7.28415343e-04 -4.54395653e-02
  4.96089278e-01 -1.05823305e-01 -6.45948632e-01  1.41134246e-01
 -9.80531858e-01  1.89460216e-02 -7.42485774e-01  3.77172494e-01
 -3.89231098e-01  8.81033334e-03  6.43485065e-01  4.81258463e-02
  1.43091044e-01 -1.42647244e-01  5.16385027e-01  3.70906024e-01
 -7.13169752e-01 -9.14053026e-02  6.51165291e-02  6.83601890e-01
 -5.70320620e-01 -7.18197848e-01 -2.86589218e-01 -1.09446536e-01
 -4.23633977e-01 -1.00691279e-01 -2.98096075e-01 -3.98992232e-01
  5.27162050e-01 -1.40670289e-01 -2.02987669e-01 -1.09542126e-01
  2.04353280e-03  5.18361199e-01 -1.77129932e-01 -7.72572970e-02
  3.36756790e-03 -1.04939056e+00 -2.95746777e-01  1.95703000e-01
 -1.16525294e-01 -8.42848567e-02  6.13294926e-01  5.71721042e-01
  5.83599657e-01 -6.93185870e-01  6.10915620e-01  1.83137013e-02
  3.92999568e-01  3.78284348e-01 -6.48549968e-03  4.77042155e-01
 -1.71922331e-01  1.06709991e-01  3.05106285e-01 -5.32199394e-01
 -5.00182635e-01  2.93376435e-01 -3.21815374e-01 -1.51428679e-01
  1.05685704e+00  3.83424264e-01  3.03353702e-01  6.17411900e-01
 -6.71426943e-01 -5.34640691e-01 -9.47289097e-01 -3.39185833e-01
  5.63508719e-02 -5.82745483e-01  3.30326645e-01 -3.06084517e-01
  3.92421840e-01 -1.16203779e+00  4.40177511e-01  3.17166596e-01
  3.61315392e-01  1.13933923e-01 -1.53774946e-03  6.28310267e-01
 -1.16114124e+00 -6.36454555e-01 -3.81654031e-01  1.87987207e-03
  1.54837361e-01 -3.74331795e-01  1.01574362e-01 -2.28054366e-01
  3.33528997e-01 -4.11614706e-01  2.10400788e-01  1.12250001e+00]
2024-12-23 13:36:18,277 - numexpr.utils - INFO - NumExpr defaulting to 8 threads.
2024-12-23 13:36:21,986 - pyswarms.single.global_best - INFO - Optimize for 10 iters with {'c1': 0.5, 'c2': 0.3, 'w': 0.9}
2024-12-23 13:36:46,541 - pyswarms.single.global_best - INFO - Optimization finished | best cost: 2.2292022481803997, best pos: [ 7.88669561e-02  9.91594812e-02  7.34367769e-01  1.31076020e-01
  5.82762725e-01 -9.81808698e-02 -1.96289175e-01  2.97680426e-02
 -4.43116353e-01 -9.45191494e-02  1.09426770e-01  6.82155817e-02
 -3.73931447e-01  1.18276626e-01 -4.12490417e-01  2.52612146e-01
  2.59978580e-01  2.17615763e-01  1.66904606e-01  9.35266638e-02
  1.51977955e-02 -6.20497580e-01 -3.77104122e-01  2.25033711e-02
 -4.98747307e-01 -9.44156931e-03 -2.13644726e-01 -7.11136722e-01
 -3.73666246e-01  2.48728832e-01 -1.72333784e-01  6.61201029e-01
 -1.18115074e+00 -1.19216834e-02  1.72881140e-01  9.39132997e-01
  3.11696501e-01 -5.09841742e-01  5.36119925e-02 -5.80208687e-02
 -6.89516493e-01 -1.87336396e-01  1.22702420e-01 -6.36049072e-02
 -1.04601389e+00  6.19398674e-01  4.97010939e-01  3.97439627e-01
 -9.71855082e-02  4.43165985e-01  2.81325594e-01 -5.71040095e-01
  7.00435198e-01  3.22217909e-01  3.76097038e-01 -9.84717659e-01
 -3.01009814e-01 -2.34656206e-01 -4.07213542e-01 -2.28960093e-01
  1.16569610e-01 -1.96977093e-02  2.08810796e-01  2.83229017e-01
  2.92330908e-01  2.49485709e-01  7.03759924e-02  2.02938608e-01
 -4.17324380e-01  2.72451359e-01  1.09963873e-01 -8.47964756e-02
 -1.13030654e+00  5.81817553e-01 -3.30292881e-01  2.08556565e-02
 -6.75680489e-02 -6.43921406e-01  2.94679608e-01 -4.41545100e-01
  8.70109062e-01 -2.18116082e-01  2.45727438e-01 -2.53520623e-03
 -2.93720352e-01  2.25845725e-01 -4.88108851e-01 -4.38998653e-01
 -2.78634792e-01  5.13725122e-01 -1.27948416e-01  9.76113722e-02
 -4.29131989e-01 -5.59072759e-01 -5.63376178e-01 -2.87825190e-01
  4.28753920e-01  3.17744874e-01  1.07477459e+00 -3.40118175e-01
 -1.64923669e-01  4.76733471e-01  9.72278829e-02 -3.64231822e-01
  4.03546916e-01  9.29705392e-01  6.11792864e-01  9.39457630e-02
 -3.66969831e-01 -4.69324713e-01 -9.72351839e-02 -1.49952624e+00
  1.58144110e-02 -2.45244189e-01 -1.18608678e-01  5.06053552e-01
 -4.10576921e-01 -1.76536290e-01 -4.82423391e-01  1.61961079e-01
  6.18065889e-01  1.35696672e-01 -1.27274264e-01  3.73475252e-01
 -3.71971175e-01  4.39688064e-01 -1.06771562e-01  6.56349476e-01
 -1.12384274e+00 -1.85571142e-01 -3.00923239e-01  5.04462595e-01
  5.06032282e-01  3.88581603e-01  5.60167379e-01  1.96235533e-01
 -2.10320226e-01  5.05871035e-02  3.55887990e-01 -2.02795033e-01
 -8.04206030e-01  2.26138003e-01 -7.11437546e-01  3.15748129e-01
 -5.13869649e-01  2.34818450e-01 -3.46375489e-01 -7.15590915e-01
 -4.17845519e-01 -2.23700212e-01  3.55779095e-01  8.50566345e-01
  1.36865929e-01 -2.79898699e-01  2.62842572e-01  2.16765776e-01
 -6.32804948e-01  1.65647990e-01 -7.76484758e-01 -9.54286252e-01
  9.15521150e-04  5.00865003e-01  6.00258620e-01  1.47755310e-01
  7.08568580e-01  4.67497671e-01  3.05247858e-01  1.24525921e-01
  9.77983802e-01 -1.14363550e+00 -8.45865858e-02 -1.85492619e-01
  5.92784395e-01  1.23221414e-01 -3.31212574e-01  3.29022423e-01
  2.47523553e-01 -1.18104313e-01 -4.03416450e-01  4.63668977e-01
  4.38433825e-01 -1.04978258e-02 -9.39690576e-02  2.93023622e-01
  4.71719717e-01 -2.37246989e-01  5.05531525e-01 -3.57927142e-01
  2.76607256e-01 -2.61963683e-01 -6.63831122e-01 -4.41416435e-01
  7.64459598e-01  8.94685510e-02 -4.44719527e-01  3.17235042e-01
  1.65604267e-01  1.42480914e-01  3.75901330e-01  2.92848512e-01
  4.77573661e-02  3.16543244e-01 -1.45639571e-02 -4.85494751e-01
  3.53304560e-03 -5.48925611e-03  2.74806517e-01 -1.20496833e+00
 -1.25407950e-01  3.53117002e-01  4.47246735e-02 -5.30769496e-01
 -2.34337591e-01  4.68541708e-01 -1.82550763e-01 -1.65741136e-01
  1.49086311e-01  6.34631286e-01 -1.14369570e+00  1.99111823e-02
  4.57383233e-01  6.96766763e-01  1.63337544e-01 -4.22124155e-01
 -2.78366877e-03  1.42794223e-01  5.10734591e-01  3.26363019e-01
  5.11930450e-01  1.29454036e-01  3.79886206e-01 -6.01186912e-01
 -6.63999827e-02  5.37208903e-01  4.76504397e-01  4.10378645e-01
 -1.01365575e+00  5.94196068e-01  2.02853791e-01 -2.09368983e+00
 -4.93711076e-01  1.63500670e-01  2.82572951e-01 -1.75947319e-01
 -3.30117951e-01  4.68001681e-01 -6.58132599e-03 -3.10076203e-01
  8.16924301e-01  9.67641732e-01 -4.76349031e-01  1.57434427e-01
  3.20952522e-01  4.31844454e-01  1.10474714e-01  4.61111024e-01
  3.52774842e-01  2.92281864e-01 -6.32512665e-01 -3.92603837e-01
  5.21008037e-01 -3.94491015e-01 -1.87543576e-01  1.86995425e-01
  2.93881935e-01  5.68178696e-02  3.08296263e-01  3.00397222e-01
  1.80038449e-01  2.27403522e-01 -2.58654669e-01  3.39781423e-01
 -8.56287959e-02 -6.61527122e-01  4.72794268e-01 -2.33301736e-01
  1.91845265e-01  3.67420348e-01  5.16984956e-01 -3.71649525e-03]
2024-12-23 13:37:48,539 - numexpr.utils - INFO - NumExpr defaulting to 8 threads.
2024-12-23 13:37:51,801 - pyswarms.single.global_best - INFO - Optimize for 10 iters with {'c1': 0.5, 'c2': 0.3, 'w': 0.9}
2024-12-23 13:38:40,410 - pyswarms.single.global_best - INFO - Optimization finished | best cost: 2.2004036613778415, best pos: [-0.23774099 -0.05906781 -0.20430852  0.06631209  0.2042409  -0.63751465
 -0.28095136 -0.34198193  0.28687717  0.61029986 -0.42861889 -0.04081508
 -1.07459232 -0.2930456   0.13210339 -0.37068659  0.15045425 -0.01718817
 -0.03152673 -0.17619572 -0.53452411 -0.11888862 -0.18193445  0.09706237
  0.26169258  0.38642609 -0.26126221  0.38610209 -1.15083767  0.07336503
 -0.70597268 -0.27700577  0.54615133 -0.22053971  0.06805642  0.2730684
  0.13468541 -0.0634435   0.01537451  0.49236536 -1.62654022 -0.03298952
  0.18774726 -0.45244248 -0.85313396  0.1765858   0.4194874  -1.11242648
 -0.32463522  0.21221809  0.15052513 -0.33379207  0.07302654 -0.44770922
 -0.16562653 -0.2144153  -0.25562024  0.40696733 -1.16978198 -0.92782849
 -0.27304783  0.2111398  -0.17526162 -0.35293577 -1.54833277 -0.37925065
  0.72317061 -1.01984346 -0.02522786  0.46478635 -0.25742076  0.43149311
 -0.21136206  0.57943725 -0.02896869  0.0683081  -0.33391767 -0.42078048
  0.2489784   0.27369173 -0.35446162 -0.68093126  0.09847217 -0.26637985
 -0.62228605  0.39302937 -0.05982786 -1.50526028 -0.47551439 -0.4091461
  0.27344411  0.7046809   0.22840889 -1.32634011 -0.12735415 -0.18052583
 -0.84037136 -0.20134893 -0.07976416 -0.98177063  0.38640648  0.08212409
 -0.66060989 -0.64059698 -0.21619877  0.08516627  0.22982423 -0.72330046
  0.49210714 -0.14781155 -0.24394154 -0.51583817 -0.36000829 -0.4367455
  0.0175466  -0.21052945  0.15970231  0.41088169  0.88770182 -0.51642084
  0.2766853  -0.37033088 -0.73595519 -0.29138006  0.738765   -0.60512076
 -0.22165155  0.02901483 -0.24617474 -0.58477719 -0.59427192 -0.16651453
 -0.12984617 -0.30344473  0.15772391  0.0397729   0.03190566 -0.13090045
  0.11520483  0.21925684 -0.41030913  0.27656109  0.38134554 -0.0114634
 -0.5563372   0.40217209 -0.49597005  0.43040221 -0.27556106 -0.94225569
  0.53763724  0.32125499  0.37811553 -0.22838395  1.08067225  0.35298621
  0.50179294 -0.09064584 -0.44167649 -1.15966314  0.09677399 -0.13300519
  0.67499716  0.29892414 -0.26689909 -0.13347456 -0.10533118 -0.35298652
 -0.21749556 -0.35831722  0.3574288  -0.20115651 -0.72204007 -0.63529839
  0.30710641 -1.08844704  0.46595205 -0.26903268 -1.31240412 -0.40062923
 -0.07194577 -0.50801813  0.10585164  0.39297048 -0.19429324  0.14162803
 -0.14553451 -0.44023903  0.67686396  0.10665231 -0.05650315 -0.82116308
  0.29485758  0.00598935 -0.08007577  0.04272996 -0.32039381 -0.34280723
  0.4522544  -0.2659606   0.16656006 -0.08194913  0.38563401 -0.39598253
 -0.30359113 -0.14992127  0.46498098  0.75741645  0.009996    0.16139818
 -0.02068304  0.52816315 -0.38106019 -0.19105143 -0.32118468  0.37555863
  0.36746023 -0.83367829  0.92085212 -0.6219117  -0.46058679  0.89491821
  0.56124889 -0.65272763 -0.81952503 -0.01443749 -0.29514307  0.12728566
 -0.03410389 -0.63414865 -0.39247312  0.24349874 -0.55826217  0.79142701
 -0.31482956  0.61944898 -0.44859709 -0.6881541   0.6765329   0.1639237
 -0.13707135 -0.04074221 -1.06485352 -0.37749017 -1.11554463  0.32676652
  0.12745499 -0.72567284  0.21005457 -0.34101847 -0.29572048  0.71297091
 -0.61992022 -0.53320607  1.41134915 -1.73090682  0.04951211  0.98829846
 -0.00821066  0.37715015  0.35632204 -0.46412507  0.0841366   0.21346093
 -0.27609853  0.13901064  0.18779073  0.38355485 -0.28137222  0.10770991
 -0.06214948 -0.99865309  0.54596658 -0.04999083 -0.09021893 -0.58652957
  0.03138322  0.26311968 -0.32222562 -0.12928903]
2024-12-23 13:38:48,425 - numexpr.utils - INFO - NumExpr defaulting to 8 threads.
2024-12-23 13:38:51,431 - pyswarms.single.global_best - INFO - Optimize for 15 iters with {'c1': 0.5, 'c2': 0.3, 'w': 0.9}
2024-12-23 13:40:09,128 - pyswarms.single.global_best - INFO - Optimization finished | best cost: 2.0521956582879395, best pos: [ 1.11410547e-02 -8.71966161e-01 -8.44898153e-02 -8.96473848e-02
 -9.58222182e-02 -6.02299013e-01  2.84509222e-01 -6.24574965e-02
 -3.03179171e-01  1.17779496e-01  3.32386152e-01 -1.96287602e-01
 -4.08401294e-01 -1.02121286e+00 -5.06740423e-01 -1.77393281e-01
  2.39837562e-01  1.58004133e-01 -3.36394251e-01 -3.43256726e-02
 -1.88581766e-01 -1.97865032e-01  7.62584627e-02 -3.09620045e-01
  4.71924181e-01 -8.31028180e-01  1.32458761e-01 -8.67162381e-01
  5.93969864e-01 -1.18254131e+00 -1.99831673e-01  4.11786580e-01
  3.94126582e-01 -5.04564208e-01  1.41992777e-01 -3.09213797e-01
 -6.38393574e-02 -1.90250770e-01  5.95931864e-01  1.15753282e-01
  4.05290163e-02 -3.42165451e-01  8.23034440e-01  2.53326924e-01
  3.62898558e-01  1.86147927e-01  1.12673305e-01 -1.32296195e-01
  2.89490712e-01 -9.13052804e-01 -1.07586672e-01 -7.66303150e-01
 -1.55719552e-01  5.86339284e-01 -2.43827403e-01 -1.04331074e-01
  6.95937998e-02 -4.53645732e-01  4.22676972e-01  2.62386011e-01
 -2.76476840e-01  7.02736852e-01 -9.97319369e-02 -4.28385926e-01
 -1.61492494e-01  1.95215441e-01 -1.22882332e-01  8.15766932e-01
 -1.51299375e-01  4.79764318e-01 -1.60744445e-01 -8.04256888e-01
 -2.77548188e-01  7.72066438e-02  6.18718522e-01  5.71508986e-01
 -5.74334991e-02 -2.98999654e-01 -5.03781112e-01 -7.89392072e-01
  3.80586053e-01  4.96539268e-02  2.70592279e-03  1.52810626e-01
  3.04542912e-01  4.57727135e-01 -1.83864390e-01 -2.60422976e-01
  2.21876471e-01  2.10063249e-01 -8.52376155e-01 -2.12764926e-01
  3.13326724e-01  6.85236531e-01 -3.31600611e-01  1.41336690e-01
 -7.88128107e-02  1.85417932e-01 -8.92355015e-01  3.56524012e-03
  6.29785133e-02 -8.36722790e-01 -6.76407724e-02  3.53250802e-01
 -6.08787322e-01  5.36316383e-01 -8.09164067e-01  2.34936446e-01
  5.82973175e-01 -3.81151734e-01  2.36753594e-01  1.71282927e-02
  2.33517307e-01 -2.29981205e-01 -6.34472501e-01  2.06198762e-01
 -2.69528771e-01  1.40141748e-01 -3.86109463e-01 -1.79314202e-02
  7.15468083e-01 -2.83406528e-01 -9.63294369e-01  2.75366902e-01
 -3.05333248e-02  2.97374345e-01 -2.90872743e-01  1.95610375e-01
  2.44554708e-01  4.92719786e-01  2.21982991e-01  2.87294227e-01
 -6.61332168e-02 -1.60590374e-01  5.74372500e-01  1.69915533e-01
 -6.40358830e-01  3.74380912e-01  4.95528247e-01 -1.91021666e-01
 -1.05284990e+00  3.32945880e-01  3.28980776e-01 -2.66206303e-01
  8.59018661e-01  3.01724656e-01  5.72920733e-01  6.92291230e-01
 -4.61036985e-01 -5.68834404e-01 -3.61373187e-01  5.27644106e-01
  4.99634654e-01 -1.04244153e-01  4.58066666e-01  1.31541158e-01
 -9.25246444e-01  1.06863642e+00 -4.99176116e-02  3.26123578e-01
 -1.11324985e+00  7.54935730e-01  1.86683822e-01 -4.09159146e-02
 -9.31687122e-02  2.71980090e-01  8.36473900e-03 -7.83065599e-01
  2.47868339e-01  8.42841537e-03  2.14459234e-01 -3.93966977e-02
 -6.01572348e-01 -9.64998740e-02  3.11846422e-01  3.42089955e-02
 -4.50501574e-02  4.10550461e-01  1.67090851e-01 -4.46732038e-01
  3.59650649e-02 -9.04561731e-01 -3.72623335e-01  2.52639884e-01
 -2.09856243e-01 -1.02034869e-01  4.44443592e-01 -6.87807156e-02
  1.22468898e-01 -2.07778157e-01 -4.83213876e-01  2.18427851e-01
  5.65765871e-01 -1.78385356e-01 -3.65733783e-01 -3.30910470e-01
 -1.74099349e-01  2.77091313e-01 -4.60698422e-01  5.94469184e-01
  1.94292040e-01  5.97571149e-01 -7.11476164e-01  1.79208467e-01
  2.14039355e-01  7.97047105e-01 -3.62919081e-01 -7.02760797e-01
 -7.58552207e-01  8.73493393e-01 -5.79860929e-01 -7.82958460e-02
  5.40658256e-02 -5.46686150e-01 -7.98375628e-02  7.68557881e-04
  6.79902136e-01 -4.99370000e-01  3.50421890e-01 -2.71706583e-01
 -4.46738177e-01 -2.18030518e-01  2.65402616e-01  8.47839219e-01
  3.26602723e-02 -4.63251505e-02 -2.26006095e-01 -5.29910677e-01
  4.99526916e-01  6.90393734e-01  3.62443457e-02  9.65249621e-01
  2.47962828e-01 -5.39137890e-01 -3.79023934e-01 -1.69868357e-01
  7.61786781e-01  7.77266007e-02  4.48611397e-01 -6.52406464e-01
 -1.26915220e-01  2.76025497e-01  2.66431400e-01  6.52149275e-01
 -3.06740798e-01  1.43950365e-01  4.71575775e-03 -3.22153599e-01
 -5.23858728e-03  3.34926402e-01 -4.71879295e-02 -4.16417892e-02
  1.57281791e-01  4.98490696e-02 -1.68228970e-01  2.00842617e-01
 -1.05506512e-01  5.13174330e-01 -2.39316504e-01 -3.45114556e-01
  4.67927544e-01  1.19363326e-01 -4.04886763e-01  1.37454144e-01
  1.27668445e+00 -9.62541110e-01  1.02458539e-01 -2.37697961e-01
 -7.79642401e-01  1.70045133e-01  4.63235680e-01 -8.21882513e-02
  1.44369611e-01  1.10398753e-01  7.18107611e-01  2.85768980e-02
  1.87610204e-01  3.20720508e-01  7.52518915e-01  1.76287213e-01]
2024-12-23 13:40:36,180 - numexpr.utils - INFO - NumExpr defaulting to 8 threads.
2024-12-23 13:40:39,252 - pyswarms.single.global_best - INFO - Optimize for 100 iters with {'c1': 0.5, 'c2': 0.3, 'w': 0.9}
2024-12-23 13:43:42,866 - pyswarms.single.global_best - INFO - Optimization finished | best cost: 1.5479820866014897, best pos: [-1.82619720e+00  2.35595431e-01 -5.11854660e-01 -8.65501847e-01
 -4.58831464e-01 -6.24505807e-01 -5.42094640e-02 -5.45731255e-01
 -4.89300014e-01  6.43466114e-02  4.42093491e-02  1.90695255e-01
 -7.96603623e-02 -5.80362552e-01 -6.55658428e-01 -4.40601752e-01
 -1.15537052e+00 -6.60423578e-01 -3.21632701e-01 -4.46232397e-01
 -5.93905246e-01 -1.86266028e-01 -5.06916141e-01 -7.53861424e-01
 -3.76267560e-01 -1.24426048e+00 -1.39138454e+00  1.50342654e-01
 -7.07538885e-01  5.07396678e-01 -7.41183679e-01 -1.73448998e-01
  7.54819891e-02 -1.83263096e-01 -5.75787036e-01 -4.99931063e-01
 -1.47872767e+00 -7.92530786e-01 -1.25533962e+00 -7.12712106e-01
  4.62127008e-01  5.65907496e-01 -3.14055501e-01  2.09705731e-01
 -2.45160190e+00 -5.95129528e-02 -6.77642905e-01 -1.21800417e+00
 -1.81918348e+00  7.02724197e-02  1.34680989e-01 -1.39838235e-01
  3.18122398e-01  2.80659536e-01 -1.56982235e-01 -5.20525925e-02
 -3.36838656e-01 -1.27153211e-01  4.20465859e-01 -1.05953169e-01
 -4.13530667e-01 -1.34456589e+00 -2.60423485e-02 -7.11529423e-01
 -2.22038145e+00 -9.05895675e-01 -5.13777916e-01 -7.40849291e-01
  3.31153777e-02 -1.72360751e-01 -1.24828986e+00 -6.95691045e-01
 -7.91822112e-01 -3.53502782e-01 -1.76310080e+00  5.82987054e-01
 -2.34561772e-01 -4.47932721e-02 -3.07346489e-01 -5.77670803e-01
  1.84732231e-01 -1.10345471e+00 -4.84851689e-01 -8.40186093e-01
 -2.27053277e-01 -1.73686261e-01 -8.65601033e-01  1.49385249e-01
 -9.50094618e-01 -3.77637542e-01 -5.31281083e-01 -7.54148181e-01
 -2.05568899e-01 -1.11865114e+00 -7.08028098e-01 -2.00857151e+00
 -7.02346268e-01 -1.89753999e-01  1.70582816e-02 -1.80560216e+00
 -8.95623557e-01  2.22862622e-01 -9.22519038e-01 -1.09487148e+00
 -6.17492013e-02 -5.76554657e-01  4.49739439e-02 -1.07600199e-01
 -4.44117860e-01  3.73138078e-01  5.27971357e-02 -3.02782569e-01
 -5.73820646e-01  4.72387192e-03 -2.28255503e+00 -1.98799457e-01
 -1.35893278e-01  2.68601439e-01 -1.18935185e+00 -1.72295793e-01
 -4.49000642e-01  4.52498449e-01 -6.63070290e-01  6.16651948e-01
  2.84637136e-01 -7.33158211e-01 -3.35427857e-02 -4.09335954e-01
 -2.33569461e-01 -4.12646603e-01  3.38694024e-01 -1.29355391e+00
 -2.48073555e-01 -6.46544875e-01 -1.20390679e+00 -9.09387179e-01
 -6.06409876e-02 -2.07310142e-01  3.07808905e-02 -5.41726995e-01
  4.67922895e-01  1.64961081e-01  1.15425990e-02 -1.05874301e+00
 -1.85366581e+00 -4.18976542e-01 -1.42766934e+00 -1.54189947e-01
 -1.49953706e+00 -4.73489578e-01 -9.91431775e-01  1.67363815e-01
 -2.30945270e-01 -2.61701513e-01 -5.80717354e-01 -6.62036484e-01
  3.01456968e-01  5.49849302e-02  5.64786994e-01 -1.03235089e+00
 -1.51501255e+00 -2.10163054e-01 -1.10509767e+00 -2.62537662e-01
 -8.67939641e-01 -1.37184877e+00  2.52388891e-01 -8.66663775e-01
  9.94578572e-02  4.89152847e-01 -2.53609765e-01  9.47442048e-02
 -5.59813230e-01 -8.35703043e-01  2.78893792e-01 -2.18498679e-01
 -2.62282997e-01 -1.28608231e+00 -2.15642518e+00 -3.56313726e-01
 -8.92437560e-01 -1.31695671e-01 -7.63723809e-01 -2.95572129e-02
  5.39861265e-01 -3.77856844e-01 -4.83640453e-01 -2.76596203e-01
  3.78939822e-01 -4.04371005e-01 -7.40916333e-02 -9.19221064e-01
  2.00872447e-03  1.41938973e-02  1.56007037e-01 -1.79051048e+00
 -8.91277995e-01  3.55343726e-02 -2.06937524e-01 -1.04359020e+00
 -9.79284765e-01 -7.98582837e-01 -1.67930495e+00  3.55185880e-02
 -2.04067681e-01 -4.61268434e-01 -7.23873221e-01 -6.33826657e-01
 -1.15814448e+00 -1.79797424e+00  1.17056383e-01  3.72351973e-01
 -1.10883145e+00 -2.07411898e-01 -8.79384486e-01  2.67093179e-01
 -1.24143171e+00  1.69391438e-01 -1.37756081e+00 -7.71255155e-01
 -2.17189785e-01 -8.55595926e-01  5.49310338e-01 -9.08619706e-01
 -1.11305508e+00  3.28976913e-01 -6.25851325e-01 -1.10945880e+00
 -1.30278875e+00 -1.57298714e+00 -4.19810424e-01 -2.89698084e-01
 -9.06400647e-01 -4.14370127e-01 -5.05325850e-01 -7.85231106e-01
 -1.23770633e+00 -1.41080826e-01 -1.09212361e+00 -2.82281151e-01
 -7.24063814e-01 -9.45421710e-01  1.14484204e-01  5.37127188e-01
  1.39301737e-01 -7.67929189e-01 -2.35486393e-01 -8.81765028e-01
 -2.53823538e+00 -7.78896374e-01 -4.93911517e-02 -7.85964344e-01
 -1.24810916e+00 -7.87279364e-01 -3.50266869e-01 -9.46120460e-01
 -1.49934833e-01  4.13995048e-01  7.30921642e-02  4.24351796e-03
  2.19944458e-02 -3.62359027e-01 -1.07672822e+00 -1.39606154e+00
 -1.72460091e-01  1.39883312e-01 -9.49300632e-01 -1.41858982e+00
 -5.13553654e-01 -3.87863058e-01 -6.19431959e-01 -1.18314336e+00
 -4.82495804e-01 -1.27308183e+00 -2.38081181e-02 -8.78563757e-01
 -3.31287254e-01 -9.56205582e-01 -8.52919916e-01 -3.86934615e-01]
2024-12-23 13:44:08,583 - numexpr.utils - INFO - NumExpr defaulting to 8 threads.
2024-12-23 13:44:12,009 - pyswarms.single.global_best - INFO - Optimize for 50 iters with {'c1': 0.5, 'c2': 0.5, 'w': 0.95}
2024-12-23 13:45:08,409 - numexpr.utils - INFO - NumExpr defaulting to 8 threads.
2024-12-23 13:45:11,315 - pyswarms.single.global_best - INFO - Optimize for 10 iters with {'c1': 0.5, 'c2': 0.5, 'w': 0.95}
2024-12-23 13:48:23,940 - pyswarms.single.global_best - INFO - Optimization finished | best cost: 2.1835167131094746, best pos: [ 6.77882413e-01 -1.75196174e-01 -7.05727690e-01 -5.91367059e-01
  5.20320477e-02 -3.72481388e-01 -3.23410035e-01 -2.40155499e-01
 -9.12461452e-01 -8.12895109e-01 -8.90680003e-01 -7.62566667e-01
  3.84914860e-04 -7.06204674e-01 -4.01859754e-02 -1.44068980e-01
  3.25049727e-01 -2.53398941e-01 -5.59607473e-01  8.49239068e-01
  1.00992212e-02 -1.34022843e-01 -3.84729699e-01 -6.90077063e-02
  3.60736272e-01  2.50283437e-01 -8.73346911e-01 -2.85836848e-01
 -6.26428490e-02  3.19915496e-01 -4.58280755e-01 -4.10203786e-02
  6.03791816e-02 -3.21206069e-01 -6.46245327e-01  9.45282187e-02
 -7.69922753e-01 -1.74060836e-01  3.78649881e-01 -1.28206586e-01
 -1.11696663e+00 -2.48001944e-02  5.02335045e-01  4.12593353e-01
  3.16914542e-01  1.01700604e-01  4.92404255e-01  1.04653682e-01
 -1.32283274e+00 -1.68233044e-01 -1.13143482e-01 -3.45891055e-02
  1.51607746e-02 -6.97905368e-02 -6.41661964e-01 -8.33413676e-01
  6.68948093e-01 -2.90212644e-01 -3.85761673e-01 -8.08111407e-02
  4.53850041e-01 -4.10618341e-02 -2.21227564e-01  1.92623133e-03
  3.62531073e-02  1.90627781e-01 -4.55138762e-01 -2.55877992e-01
  3.68905429e-01 -8.42441986e-01 -2.32358893e-01 -3.39440061e-01
  3.88366952e-01 -3.37296620e-01  1.12763754e-01 -3.43182365e-01
 -2.08617015e-01 -9.05723586e-02 -1.23292469e+00 -5.26122856e-01
 -2.28491503e-01 -2.18745883e-01 -5.69871970e-01 -1.01007725e+00
  1.09650867e-01 -2.39477683e-02  3.25239737e-01 -4.72625502e-01
 -3.36824098e-01 -1.32374013e-01  4.53840751e-01 -2.88093618e-01
  3.66746703e-01 -1.44727258e+00 -2.06753133e-01 -2.31353424e-01
 -5.41339849e-01 -2.97529517e-03  1.68101481e-01  6.04324686e-01
 -1.87588047e+00  9.88897724e-01  3.33675898e-01 -5.20082313e-01
 -3.28599659e-01 -3.23912837e-01  2.73483001e-01 -1.05411285e+00
  3.48659884e-01 -6.71959914e-01 -7.27581345e-01 -3.71348146e-01
 -3.95181570e-01  1.37459366e-01  4.01490665e-02 -3.59867959e-01
  1.38669259e-01 -3.11195676e-01 -2.72202297e-01 -6.41059834e-02
 -1.92772876e-01  4.70539257e-02 -4.67501078e-01  2.14771016e-01
 -7.95910795e-01 -5.79709993e-01  6.61785792e-02  3.45257649e-01
 -1.33231087e+00 -6.63835341e-01 -3.41227318e-01 -4.31327522e-01
  6.69629877e-01 -1.00458233e+00 -1.36306411e+00 -5.01046150e-01
 -6.29240585e-01  5.31640551e-02  3.95520027e-01  9.31458629e-02
  5.87970737e-01  1.78136833e-01  2.52702221e-01 -4.47670970e-01
 -5.22748741e-01  4.46684330e-01  4.72389693e-01 -4.40492862e-01
 -2.93184992e-01 -2.60421256e-01 -7.68858585e-01 -1.55958545e-02
 -3.15433809e-01 -3.26987645e-01 -6.95831379e-02 -8.30242714e-01
 -6.33986906e-03 -1.38314837e-01 -4.67263553e-01 -3.98740984e-01
 -1.03818071e+00 -1.92388550e-01  2.90780674e-01 -4.57480811e-01
 -1.97976025e-01  2.88258545e-01 -7.99885802e-01  2.70062106e-01
 -4.21346610e-01  5.93271715e-01  2.67998650e-01 -5.45212016e-02
  2.20199346e-01  2.27464357e-01 -7.05045191e-01  1.37838980e-01
 -4.99712660e-01 -9.49005314e-01  1.46028427e-02  8.43769290e-02
 -2.94095951e-01 -5.82766483e-01  4.83129930e-01  1.33028149e-02
  5.74194092e-02 -1.78191461e-01 -2.50419637e-01  1.68260077e-01
  2.35453084e-01 -4.32815907e-02  6.47000412e-02 -1.61201293e-01
  1.52218609e-01  4.41080855e-01  1.66235878e-01  2.28825706e-02
 -7.18623351e-01  9.36164195e-02 -5.00561072e-01 -2.31609045e-01
  1.19445276e-01 -1.36227581e+00 -9.54894592e-01  1.71114584e-01
  6.36465750e-01 -2.52045740e-01  1.30448591e-01 -1.62012719e-01
 -2.43959438e-01  4.45691654e-01 -2.44824125e-01 -1.01548873e+00
 -8.79910587e-01 -3.31206186e-01  7.94489802e-02 -6.07770871e-01
 -1.56894010e-01 -9.59795618e-01 -3.63963447e-01  6.25520062e-02
 -5.45527676e-02 -1.07217812e+00 -5.90616066e-01  6.14643833e-01
 -2.86358733e-01 -6.01240412e-01 -2.07095053e-01 -3.63370490e-01
 -7.10057917e-01 -5.39885830e-01 -8.98803998e-01  1.04314189e-01
 -7.13440613e-01  4.43535706e-01 -2.56022271e-01 -1.39617536e-01
 -5.78028298e-01 -3.03635773e-02 -5.08226129e-01 -1.49213907e-01
 -2.48090362e-01 -2.99127200e-01 -1.81467047e-01 -5.18683386e-01
  4.94138517e-01 -3.49548460e-03 -1.30289845e-01 -6.88334838e-01
 -1.18227503e-01 -6.64242249e-01 -4.50973168e-01 -3.29722541e-02
 -4.03523031e-01 -7.51701448e-01  1.09548633e-01 -1.70661826e-01
 -1.44206054e-01  9.36410687e-01  3.17447022e-01 -1.17297072e+00
 -3.27186064e-02 -2.76678055e-01 -2.74213429e-01 -6.53595928e-01
  3.51821632e-01 -5.99292410e-01  4.45667208e-02 -6.81572653e-01
 -5.29278313e-01  1.78789467e-01 -6.90895708e-01 -3.99400189e-01
 -1.13051874e-01 -5.04836709e-01 -3.56052089e-01  1.09619859e-01
  8.82027472e-02 -6.25951113e-01 -1.52475807e-01  2.16061654e-01]
2024-12-23 13:48:42,334 - numexpr.utils - INFO - NumExpr defaulting to 8 threads.
2024-12-23 13:48:45,097 - pyswarms.single.global_best - INFO - Optimize for 10 iters with {'c1': 0.5, 'c2': 0.3, 'w': 0.9}
2024-12-23 13:48:52,674 - pyswarms.single.global_best - INFO - Optimization finished | best cost: 2.2780472071542373, best pos: [-0.02165899  0.1289511  -0.44708552  0.16934314 -0.25629825 -0.27299713
  0.64107013  0.28224734 -0.3153298   0.33767437  0.42736113  0.04532365
  0.25560951  0.18016947  0.00360893  0.51486507 -0.55094851 -0.53520864
  0.11619485 -0.25632489 -0.07983225  0.39363832 -0.44343512 -0.58462326
 -1.0642329   0.63568163 -0.73857102  0.50670245  0.58699762  0.35345482
 -1.02748449  0.24751852 -0.35095204  0.1461853   0.12200383  0.54825785
  0.70330371 -0.04139982 -0.42570475 -0.03366017 -0.32564835 -0.34137347
  0.43752668  0.19874246  0.37138352 -1.17833923  0.24300747 -0.69343039
 -0.62425102 -1.17176013  0.14790676 -0.13172471  0.51038287 -0.52161575
  0.78339987  0.22245675  0.53920227 -0.3505966  -0.0504162  -0.40122972
 -0.35846609 -0.04905837  0.21535369  0.03440054 -0.54360291 -0.80671402
  0.35228949 -0.7671676   0.28767169  0.29589932  0.19402371 -0.75697675
  0.50036952 -0.12017803 -0.02211014  0.31537537  0.73143646  0.08888736
  0.32169142 -0.36075087 -0.33594411  0.71401129  0.59389684  0.11878693
 -0.04703365  0.21930284 -0.56365975 -0.25421168  0.6269646   0.32503325
  0.21144018 -0.84338755  0.24589409 -0.54440894 -0.68564569 -1.4589677
 -1.17661604 -0.36983253 -0.6759026  -0.85385659 -0.80170422  0.0142932
 -0.19014833  0.79240974  0.49120362  0.20060222  0.20497216 -0.84667398
  0.31895497 -1.34335056 -0.22492313 -0.29520349 -0.05748096 -0.25098812
 -0.03343987 -0.60190466 -0.2507553  -1.16650752 -0.60898741  0.47921588
 -0.04902838  0.52839132  0.6826908  -0.94359537 -0.30289902 -0.00991015
  0.28727983 -0.82988957 -0.66044981  0.03584622 -1.3502738  -0.03530742
  0.11959393 -0.7636927  -0.09379143  0.64030021  0.30913349 -0.21667267
 -0.04221311  0.16705789 -0.10320123  0.00683619 -0.5459172  -0.03113209
 -0.36934201 -0.58192601 -0.77790559  0.04684787  0.25264514  0.40703558
  0.2267025  -0.09613792  0.15329755  0.21000526 -0.62737133 -0.26562629
 -0.51045119  0.53518542 -0.30628248 -0.42112294  0.33634824 -0.08456852
 -0.47439926 -0.19257354 -0.36346773 -0.71956161 -0.53833447 -0.06556332
  0.06250882  0.27773509 -0.3017028  -0.30580781 -0.1656881  -0.97506688
 -0.29526292 -0.61663535  0.18847248 -0.91531201 -0.39354996 -0.31629787
  0.00382389 -0.12582195  0.0578215  -0.51584355 -0.48622884 -0.98626166
  0.25631286 -0.3368631   0.14640237 -0.34237449 -0.66023978  0.38875603
  0.38209026 -0.73678499 -0.29861492 -0.13703306 -0.12344324 -0.65467301
 -0.13569678  0.19652508 -1.0594588  -0.44790246 -0.12607391 -0.23285075
 -1.09388963  0.20687679 -0.10206521 -0.03495979 -0.55184807 -0.43216211
  0.30465347  0.10672959 -0.24180869  0.4034659  -0.23912018 -0.41855637
 -0.01328648 -0.29171595 -1.03776339 -0.32685386  0.38099018 -0.18261574
 -0.95122026 -0.78074668 -0.81820784 -0.61531539 -0.56449239 -0.11111726
 -0.18596676  0.04244056 -0.268412   -0.20301277 -0.70201     0.58249915
 -0.85211536 -0.29677392 -0.34564717  0.13491427 -0.32131989 -0.24369528
 -0.59809889  0.14853734  0.41310184 -0.39935235  0.38492686 -0.09813474
 -0.47004121  0.59569941 -0.15095815 -1.28924354  0.16220328 -0.27434655
 -0.74413292 -0.332594   -0.12935831 -0.90930937  0.08635098 -0.43719285
  0.22095612 -0.59947822  0.45099371 -0.15585797 -0.06842566  0.15613711
 -0.44098325  0.32995137  0.13407562 -0.18362594 -0.25727128 -0.10268111
 -0.06312044 -0.29458266 -0.18306753 -0.29807522  0.56030074 -0.18155978
 -0.54316175  0.3671151  -0.58033149  0.02871547]
2024-12-23 13:49:03,197 - numexpr.utils - INFO - NumExpr defaulting to 8 threads.
2024-12-23 13:49:06,067 - pyswarms.single.global_best - INFO - Optimize for 25 iters with {'c1': 0.5, 'c2': 0.3, 'w': 0.9}
2024-12-23 13:49:25,435 - pyswarms.single.global_best - INFO - Optimization finished | best cost: 2.0580667815297637, best pos: [-1.00510233e+00  8.68998456e-01  1.07454325e-01 -6.63570183e-01
 -1.85397468e-01  2.90283690e-01  1.36593479e+00 -3.38288421e-01
 -7.57674652e-02  1.52006739e-01 -1.86319287e+00 -4.43357384e-01
 -3.75827336e-01 -4.09779843e-01 -1.68395426e-01  1.67295617e-01
 -1.27452724e+00  1.28256284e-01  2.35162780e-01  6.12754982e-01
 -9.86017420e-01 -6.82053126e-01 -4.40576107e-01 -3.33523603e-01
 -1.14174160e+00 -2.37160785e-01 -9.51472572e-01 -1.15296724e-02
 -9.69402971e-02 -7.35542865e-01  3.79538978e-01  8.57348247e-01
 -4.92785947e-01 -1.62303953e-01 -1.01980513e+00  4.64168256e-01
 -1.99470288e+00 -3.31287364e-01 -2.39108528e+00 -2.38143628e-01
 -5.79403305e-01 -4.23436920e-01  1.01195388e+00 -7.52717333e-01
 -8.02924570e-02  2.83985425e-03 -4.78263901e-01 -1.47148457e+00
  4.08702402e-02 -9.66511796e-01 -1.32812815e+00  6.93070755e-01
 -4.06561600e-01 -1.75341562e+00 -3.13947825e-01  4.96606062e-01
 -2.49482461e-01  2.89507458e-01 -1.35830001e+00 -5.70953964e-01
 -1.61274957e+00 -1.63157175e+00 -2.91944528e-01  9.81108732e-02
 -2.94822275e-01 -1.36685120e+00  4.08010614e-01 -6.16493366e-01
  3.95823436e-01 -6.46710987e-01 -2.99061959e-01 -8.74830832e-01
  5.81965617e-02  1.53073984e-01  8.09793242e-01 -7.52168198e-01
  1.41339719e+00 -6.18038537e-01 -1.16032839e-01 -1.78505588e+00
  5.62915065e-01  3.78864107e-01 -8.96403009e-01 -4.13983138e-01
 -3.02156353e-01 -7.19279187e-04 -2.52137340e-02 -7.36264691e-01
 -4.97377876e-01  5.10568879e-01 -1.31605144e+00  1.94599685e-02
  5.04136258e-01 -1.68104236e+00  9.83099135e-01 -7.16248895e-01
 -8.33787801e-01 -2.96357755e-01 -1.89148424e-01 -4.25502149e-01
  9.13113161e-01 -2.91719747e-01 -6.23447273e-01 -7.28718073e-01
  2.00973485e-01 -4.69925205e-01 -7.98720857e-01 -6.94128150e-01
 -3.22517505e-02 -2.30329823e-01  3.84810489e-01 -1.93238017e+00
 -3.60703392e-02 -7.24217144e-01 -6.69621089e-01 -5.01629830e-01
 -9.08440068e-02 -1.20615699e+00 -3.71635038e-01 -5.60090141e-01
 -1.44082970e-01 -1.16112372e+00 -6.11717557e-01  6.91567419e-02
 -8.52770207e-01 -1.80434202e-01  1.99985556e-01 -8.88194708e-02
 -1.02305727e+00 -9.50167367e-01 -8.11330849e-01 -2.12691724e-01
 -5.81733539e-01 -6.87611894e-01  1.33703043e+00  8.95353802e-01
  1.00195164e+00 -1.81326975e+00 -4.61865597e-01 -1.15257595e+00
 -6.52037497e-01  8.66502222e-02  6.09189240e-01  4.30837319e-01
 -4.77854143e-01  1.05692640e-01 -6.95851404e-01 -4.98661450e-01
 -6.84467762e-01  1.13343569e-01 -9.43701240e-01 -1.49415360e+00
  2.19604692e-01  3.52884814e-01 -6.29908533e-01  5.12807884e-01
 -2.34127829e+00 -1.50972685e+00  3.14141390e-01 -8.65139732e-01
 -1.78501039e+00 -1.09412513e+00 -6.28018955e-01  2.05495140e-02
  1.73590181e-02  3.41515990e-01 -5.55020623e-01 -5.92508831e-02
 -3.40132961e-01  1.64181452e-01 -1.63045290e+00 -7.88036884e-01
 -1.18861008e+00 -8.82305690e-01  1.70082438e-01  2.15876709e-01
 -2.11135229e+00  2.22486585e+00 -1.58452930e-02 -4.29254450e-01
  7.30772844e-01 -1.60215184e+00 -9.63049204e-01 -5.91609877e-01
 -2.14952584e+00 -9.38712259e-01 -3.06856554e-01  6.42763541e-01
 -2.85493706e-01  3.22827898e-01 -3.73131563e-02 -7.17250547e-01
 -4.14153043e-01 -4.86868373e-01  2.06204597e-01 -1.27649622e+00
 -1.67610386e-01  1.05624713e-01 -1.20928903e+00 -8.08072455e-01
  5.92704777e-03 -1.75527443e+00  2.73106853e-01 -6.53902714e-01
 -3.32656072e-01 -2.68881517e-01 -1.89735176e+00 -1.77481486e-01
  3.94487394e-01 -4.58645422e-01 -1.83724934e-01 -2.34837684e-01
 -1.14448686e+00 -2.65990996e-01  6.21392078e-01 -4.35730474e-01
 -6.65332419e-01  1.76843289e-01  5.24873201e-02  3.11853180e-02
  4.88055542e-01  9.28645044e-01 -3.27493145e-02 -1.14112271e+00
 -6.39086583e-01 -1.14769756e+00 -3.62963649e-01 -1.62547450e+00
 -6.29865036e-01 -1.53034879e+00 -4.52473546e-01 -1.02151369e+00
 -9.21005218e-01 -5.74874427e-01 -4.88555946e-01 -9.37437153e-01
 -1.21757597e+00 -9.01563763e-01 -7.49208703e-01  2.43841043e-01
  7.08756388e-01 -3.25122713e-01  7.26067780e-01 -7.11319581e-02
  4.08567730e-01 -1.54670728e+00  4.84617710e-02  1.16169967e+00
  2.02751323e-01 -7.94359301e-01 -8.55307210e-01 -5.37429412e-01
 -6.58340118e-01 -2.15947044e+00 -1.05479553e+00 -8.13789847e-01
 -1.91076104e+00  1.08518293e+00 -6.11877180e-02  2.36410737e-01
  4.41803474e-01 -2.35252317e-01 -1.20381377e+00 -1.29176087e+00
 -2.03428233e+00 -3.95700167e-01 -3.74780856e-02 -1.18093842e+00
 -1.10206626e+00 -1.02316043e+00 -6.37888950e-01 -3.32531099e-01
 -1.21209684e-01 -1.07235544e-01 -3.35759263e-01 -1.42976302e-01
 -3.19862161e-01 -9.56373301e-01 -8.98724043e-03 -1.69393434e-01]
2024-12-23 13:49:44,255 - numexpr.utils - INFO - NumExpr defaulting to 8 threads.
2024-12-23 13:49:47,579 - pyswarms.single.global_best - INFO - Optimize for 50 iters with {'c1': 0.5, 'c2': 0.3, 'w': 0.9}
2024-12-23 13:50:23,907 - pyswarms.single.global_best - INFO - Optimization finished | best cost: 1.826956197855577, best pos: [-6.88793212e-03 -6.44486869e-01  5.56821124e-01 -2.29321697e-01
  1.27489098e+00  1.83775085e-01 -2.92435318e-01 -1.37777529e-01
 -2.32668045e-02 -8.30528322e-01  3.39995601e-01 -2.19855395e-01
  1.33597771e-01  2.04184843e-01 -7.57806782e-01  6.96830665e-01
 -1.28665104e-01  1.74088554e-01  2.48248854e-01 -4.20137931e-01
 -1.21709798e+00  9.98512105e-01 -9.25754943e-03 -1.81603019e-01
  9.78702210e-02 -4.94730141e-01  9.55168537e-02 -1.09261008e+00
 -3.47902828e-01  5.05562338e-02  3.78746602e-01 -1.50219525e+00
 -1.15084955e+00  2.36319494e-01  4.42515862e-01  3.71959070e-01
  9.64428727e-01 -7.88278171e-01 -5.69188415e-01  3.65211438e-01
  1.83184760e-01  3.85335480e-01 -1.14290725e-01 -2.84810034e-01
 -7.20224839e-01 -5.43510968e-01  9.76232519e-02  7.39529890e-02
 -5.52082634e-01  3.07612635e-01 -1.91852361e-01  6.37176298e-01
 -1.16155274e-01 -3.36593623e-01  1.24073117e-01 -4.01890726e-01
  5.74608194e-03  1.88210705e-01 -2.08781088e+00  1.20870588e-01
 -4.23505486e-01 -1.09740790e+00 -4.96791295e-01 -8.46172988e-01
 -3.64283874e-02 -2.40630738e-01  2.20167550e-01  1.39471047e-01
  5.77412906e-02 -2.04972588e-01  8.21381928e-01 -1.03212330e+00
 -7.08258885e-02  7.56897687e-02  2.76798508e-02 -1.91872167e+00
 -5.52429223e-02  2.53445778e-01 -8.29001885e-01 -6.39082882e-01
 -3.58939187e-01  8.87618785e-03 -2.21716491e-01 -3.28615716e-01
 -4.64179156e-01 -7.28959537e-01 -6.21302822e-01 -9.54243249e-01
 -3.36856662e-01  1.29549444e-01 -3.55725152e+00 -1.03533135e-01
 -1.05878210e+00  1.53961066e-02  9.75082279e-02  5.58013370e-01
 -1.17107862e+00 -7.45406535e-02  1.08215145e+00 -1.22233503e+00
 -2.32794483e-02  3.71109101e-01 -2.26429068e-01  1.99996384e-01
 -6.39060194e-01  3.50475685e-01 -3.34638351e-01 -1.36570494e+00
  3.72939022e-01  4.47244329e-01 -3.58315672e-01  4.00404208e-01
  2.21210410e-01  9.54885473e-02 -1.01672486e+00 -3.25043437e-01
 -8.63855029e-01 -1.09956310e+00 -2.19942897e+00  6.95695775e-01
  3.26159886e-01  9.31415308e-01 -6.49112562e-01 -1.44000724e+00
 -7.33389782e-01 -1.69944406e+00  1.30472286e-01  4.14423546e-01
 -4.31677619e-03 -4.31093578e-01  1.91767629e-01 -5.09622582e-01
 -6.33832195e-01 -6.36704795e-01 -1.64893462e-01 -3.38648781e-01
  1.14109513e-01  1.96157304e-01 -8.59086734e-01 -7.63866799e-01
 -4.73980820e-01  6.54708963e-01  2.01175119e-01  1.05448128e+00
  4.52949192e-01 -7.77791545e-01  1.28488621e-01  2.53479076e-01
 -5.80550354e-01  4.80590573e-02 -7.97456210e-01 -7.21396599e-01
 -5.49140834e-01 -4.97064587e-01 -2.37404219e-01 -4.80288138e-01
  9.65507548e-01  8.28056289e-01 -5.38799789e-01 -9.39216456e-01
  4.36087862e-01 -4.57060092e-01 -4.41240377e-02  7.45559171e-01
 -6.05486561e-01 -1.53914677e-01  1.20863625e-01 -3.40937687e-01
 -8.34953207e-02  5.55756605e-01 -1.85305289e+00  2.25857032e+00
 -9.68791691e-01  1.59154652e-01  7.22480557e-01 -2.36764980e-01
 -1.08718812e+00  8.84712386e-01  3.65938714e-01  4.12448766e-02
 -2.39871287e-01  3.58522273e-02 -1.33207296e-01  3.46742363e-01
 -2.58254131e-01  3.06848712e-02 -4.29686775e-01 -1.32656519e+00
 -8.01744211e-01  2.29266455e-01 -5.29806221e-01 -9.32068906e-01
 -2.88652378e-01  4.29199024e-01 -1.01451646e-01  2.39949924e-01
 -8.90906409e-01 -5.47641894e-01 -2.03355767e-01 -6.97973154e-01
  1.98690972e-01  2.83444660e-01  4.31351600e-01  9.48347965e-02
 -1.07868243e-01 -4.10163912e-01 -8.91657132e-01  3.49444500e+00
 -1.18716137e+00 -4.62163868e-01 -3.95078573e-01 -4.64000680e-01
 -1.11677596e-01 -9.30266102e-01 -3.86795209e-01 -3.24688948e-01
 -9.55840895e-01 -1.32576584e+00  1.02643676e-03 -2.22538201e-01
  4.36395780e-02 -5.29101821e-01 -9.29662846e-01 -5.54887675e-01
  2.86941586e-01 -7.94936370e-01 -1.03466120e+00 -1.38493866e-01
 -3.93422941e-02 -1.90341496e-01  1.11250853e-01  3.07572713e-01
 -3.44716882e-01 -8.39964323e-01  3.73427195e-01 -1.60803125e+00
  1.72521320e-01  2.47224715e-01 -3.57460974e-01 -9.75346687e-01
 -2.95414963e-01 -2.82313038e-01  2.75724913e-01 -4.97260724e-01
  3.19175592e-01 -9.94180843e-01  5.68533018e-02 -3.63735297e-01
  6.66739476e-01 -2.11360643e+00 -1.12573976e-01  1.36404018e+00
 -1.18701713e-01 -4.68214808e-01  2.49490542e-01 -7.58570183e-01
 -5.20825823e-01  4.94419037e-01 -8.88111946e-01 -1.03905882e-01
 -6.26895436e-01 -1.17605318e+00  2.53031631e-01  3.07315971e-01
 -4.11185498e-01  5.37303946e-04 -8.15306495e-01 -5.73743815e-01
  1.00444685e+00 -2.47376741e-01  7.22923210e-01 -3.88526397e-01
  2.62407465e-01 -3.62033326e-01 -1.72343963e-02  3.72386120e-01
  8.59094122e-01 -1.84061760e-01 -3.06490027e-01  5.33463664e-01]
